<?xml version="1.0" encoding="UTF-8"?>
<!-- Generated by org.testng.reporters.JUnitReportReporter -->
<testsuite hostname="ridwan-PC" name="com.bit.page.EventListPage" tests="2" failures="0" timestamp="27 Dec 2013 03:32:12 GMT" time="1.048" errors="0">
  <testcase name="buyTicket" time="0.415" classname="com.bit.page.EventListPage"/>
  <testcase name="verifyObject" time="0.633" classname="com.bit.page.EventListPage"/>
</testsuite> <!-- com.bit.page.EventListPage -->
